[2025-03-12T05:37:43.285Z] [LOG] [dbConnection.config.js] Database Connected successfully!
[2025-03-12T05:37:43.290Z] [LOG] [index.js] Server running on http://localhost:8081
[2025-03-12T05:40:53.272Z] [LOG] [dbConnection.config.js] Database Connected successfully!
[2025-03-12T05:40:53.273Z] [LOG] [index.js] Server running on http://localhost:8081
[2025-03-12T05:41:03.867Z] [LOG] [dbConnection.config.js] Database Connected successfully!
[2025-03-12T05:41:03.868Z] [LOG] [index.js] Server running on http://localhost:8081
[2025-03-12T05:41:10.696Z] [LOG] [dbConnection.config.js] Database Connected successfully!
[2025-03-12T05:41:10.696Z] [LOG] [index.js] Server running on http://localhost:8081
[2025-03-12T05:41:38.995Z] [LOG] [dbConnection.config.js] Database Connected successfully!
[2025-03-12T05:41:38.995Z] [LOG] [index.js] Server running on http://localhost:8081
[2025-03-12T05:41:50.908Z] [LOG] [index.js] Server running on http://localhost:8081
[2025-03-12T05:41:50.908Z] [LOG] [dbConnection.config.js] Database Connected successfully!
[2025-03-12T05:42:09.441Z] [LOG] [dbConnection.config.js] Database Connected successfully!
[2025-03-12T05:42:09.442Z] [LOG] [index.js] Server running on http://localhost:8081
[2025-03-12T05:43:52.537Z] [LOG] [dbConnection.config.js] Database Connected successfully!
[2025-03-12T05:43:52.538Z] [LOG] [index.js] Server running on http://localhost:8081
[2025-03-12T05:44:44.333Z] [LOG] [dbConnection.config.js] Database Connected successfully!
[2025-03-12T05:44:44.334Z] [LOG] [index.js] Server running on http://localhost:8081
[2025-03-12T05:45:13.475Z] [LOG] [index.js] Server running on http://localhost:8081
[2025-03-12T05:45:13.473Z] [LOG] [dbConnection.config.js] Database Connected successfully!
[2025-03-12T05:45:27.523Z] [LOG] [dbConnection.config.js] Database Connected successfully!
[2025-03-12T05:45:27.523Z] [LOG] [index.js] Server running on http://localhost:8081
[2025-03-12T05:46:00.823Z] [LOG] [dbConnection.config.js] Database Connected successfully!
[2025-03-12T05:46:00.824Z] [LOG] [index.js] Server running on http://localhost:8081
[2025-03-12T05:46:23.653Z] [LOG] [dbConnection.config.js] Database Connected successfully!
[2025-03-12T05:46:23.654Z] [LOG] [index.js] Server running on http://localhost:8081
[2025-03-12T05:54:53.654Z] [LOG] [dbConnection.config.js] Database Connected successfully!
[2025-03-12T05:54:53.660Z] [LOG] [index.js] Server running on http://localhost:8081
[2025-03-12T06:02:38.206Z] [LOG] [dbConnection.config.js] Database Connected successfully!
[2025-03-12T06:02:38.210Z] [LOG] [index.js] Server running on http://localhost:8081
[2025-03-12T06:02:38.382Z] [LOG] [dbConnection.config.js] Database Connected successfully!
[2025-03-12T06:02:38.383Z] [LOG] [index.js] Server running on http://localhost:8081
[2025-03-12T06:02:38.590Z] [LOG] [dbConnection.config.js] Database Connected successfully!
[2025-03-12T06:02:38.591Z] [LOG] [index.js] Server running on http://localhost:8081
[2025-03-12T06:02:38.774Z] [LOG] [dbConnection.config.js] Database Connected successfully!
[2025-03-12T06:02:38.775Z] [LOG] [index.js] Server running on http://localhost:8081
[2025-03-12T06:02:38.966Z] [LOG] [dbConnection.config.js] Database Connected successfully!
[2025-03-12T06:02:38.967Z] [LOG] [index.js] Server running on http://localhost:8081
[2025-03-12T06:02:39.375Z] [LOG] [index.js] Server running on http://localhost:8081
[2025-03-12T06:02:39.375Z] [LOG] [dbConnection.config.js] Database Connected successfully!
[2025-03-12T06:02:39.570Z] [LOG] [dbConnection.config.js] Database Connected successfully!
[2025-03-12T06:02:39.570Z] [LOG] [index.js] Server running on http://localhost:8081
[2025-03-12T06:02:42.993Z] [LOG] [dbConnection.config.js] Database Connected successfully!
[2025-03-12T06:02:42.993Z] [LOG] [index.js] Server running on http://localhost:8081
[2025-03-12T06:02:43.175Z] [LOG] [dbConnection.config.js] Database Connected successfully!
[2025-03-12T06:02:43.176Z] [LOG] [index.js] Server running on http://localhost:8081
[2025-03-12T06:02:51.127Z] [LOG] [dbConnection.config.js] Database Connected successfully!
[2025-03-12T06:02:51.128Z] [LOG] [index.js] Server running on http://localhost:8081
[2025-03-12T06:02:51.414Z] [LOG] [dbConnection.config.js] Database Connected successfully!
[2025-03-12T06:02:51.415Z] [LOG] [index.js] Server running on http://localhost:8081
[2025-03-12T06:02:51.724Z] [LOG] [dbConnection.config.js] Database Connected successfully!
[2025-03-12T06:02:51.724Z] [LOG] [index.js] Server running on http://localhost:8081
[2025-03-12T06:02:52.057Z] [LOG] [dbConnection.config.js] Database Connected successfully!
[2025-03-12T06:02:52.057Z] [LOG] [index.js] Server running on http://localhost:8081
[2025-03-12T06:03:01.168Z] [LOG] [dbConnection.config.js] Database Connected successfully!
[2025-03-12T06:03:01.168Z] [LOG] [index.js] Server running on http://localhost:8081
[2025-03-12T06:03:01.471Z] [LOG] [dbConnection.config.js] Database Connected successfully!
[2025-03-12T06:03:01.471Z] [LOG] [index.js] Server running on http://localhost:8081
[2025-03-12T06:06:36.782Z] [LOG] [dbConnection.config.js] Database Connected successfully!
[2025-03-12T06:06:36.783Z] [LOG] [index.js] Server running on http://localhost:8081
[2025-03-12T06:06:37.184Z] [LOG] [dbConnection.config.js] Database Connected successfully!
[2025-03-12T06:06:37.185Z] [LOG] [index.js] Server running on http://localhost:8081
[2025-03-12T06:06:37.572Z] [LOG] [dbConnection.config.js] Database Connected successfully!
[2025-03-12T06:06:37.573Z] [LOG] [index.js] Server running on http://localhost:8081
[2025-03-12T06:07:20.753Z] [LOG] [dbConnection.config.js] Database Connected successfully!
[2025-03-12T06:07:20.753Z] [LOG] [index.js] Server running on http://localhost:8081
[2025-03-12T06:08:11.564Z] [LOG] [dbConnection.config.js] Database Connected successfully!
[2025-03-12T06:08:11.565Z] [LOG] [index.js] Server running on http://localhost:8081
[2025-03-12T06:08:28.713Z] [LOG] [dbConnection.config.js] Database Connected successfully!
[2025-03-12T06:08:28.713Z] [LOG] [index.js] Server running on http://localhost:8081
[2025-03-12T06:08:33.872Z] [LOG] [dbConnection.config.js] Database Connected successfully!
[2025-03-12T06:08:33.872Z] [LOG] [index.js] Server running on http://localhost:8081
[2025-03-12T06:09:16.527Z] [LOG] [dbConnection.config.js] Database Connected successfully!
[2025-03-12T06:09:16.528Z] [LOG] [index.js] Server running on http://localhost:8081
[2025-03-12T06:09:25.893Z] [LOG] [dbConnection.config.js] Database Connected successfully!
[2025-03-12T06:09:25.894Z] [LOG] [index.js] Server running on http://localhost:8081
[2025-03-12T06:09:26.352Z] [LOG] [dbConnection.config.js] Database Connected successfully!
[2025-03-12T06:09:26.353Z] [LOG] [index.js] Server running on http://localhost:8081
[2025-03-12T06:09:26.525Z] [LOG] [dbConnection.config.js] Database Connected successfully!
[2025-03-12T06:09:26.525Z] [LOG] [index.js] Server running on http://localhost:8081
[2025-03-12T06:09:26.832Z] [LOG] [dbConnection.config.js] Database Connected successfully!
[2025-03-12T06:09:26.832Z] [LOG] [index.js] Server running on http://localhost:8081
[2025-03-12T06:10:18.604Z] [LOG] [dbConnection.config.js] Database Connected successfully!
[2025-03-12T06:10:18.605Z] [LOG] [index.js] Server running on http://localhost:8081
[2025-03-12T06:11:09.830Z] [LOG] [dbConnection.config.js] Database Connected successfully!
[2025-03-12T06:11:09.835Z] [LOG] [index.js] Server running on http://localhost:8081
[2025-03-12T06:12:54.939Z] [LOG] [dbConnection.config.js] Database Connected successfully!
[2025-03-12T06:12:54.939Z] [LOG] [index.js] Server running on http://localhost:8081
GET /api/v1/readme/ - Incoming request
GET /api/v1/readme/ - Status: 200 - Took: 0.051 seconds
POST /api/v1/readme/ - Incoming request
POST /api/v1/readme/ - Status: 201 - Took: 0.093 seconds
GET /api/v1/readme/ - Incoming request
GET /api/v1/readme/ - Status: 200 - Took: 0.010 seconds
[2025-03-12T06:17:13.952Z] [LOG] [dbConnection.config.js] Database Connected successfully!
[2025-03-12T06:17:13.956Z] [LOG] [index.js] Server running on http://localhost:8081
[2025-03-12T06:18:54.954Z] [LOG] [index.js] Server running on http://localhost:8081
[2025-03-12T06:18:54.953Z] [LOG] [dbConnection.config.js] Database Connected successfully!
[2025-03-12T06:23:59.061Z] [LOG] [dbConnection.config.js] Database Connected successfully!
[2025-03-12T06:23:59.065Z] [LOG] [index.js] Server running on http://localhost:8081
[2025-03-12T06:24:07.336Z] [LOG] [dbConnection.config.js] Database Connected successfully!
[2025-03-12T06:24:07.337Z] [LOG] [index.js] Server running on http://localhost:8081
[2025-03-12T06:24:28.363Z] [LOG] [dbConnection.config.js] Database Connected successfully!
[2025-03-12T06:24:28.364Z] [LOG] [index.js] Server running on http://localhost:8081
[2025-03-12T06:24:29.733Z] [LOG] [dbConnection.config.js] Database Connected successfully!
[2025-03-12T06:24:29.733Z] [LOG] [index.js] Server running on http://localhost:8081
[2025-03-12T06:24:29.930Z] [LOG] [dbConnection.config.js] Database Connected successfully!
[2025-03-12T06:24:29.931Z] [LOG] [index.js] Server running on http://localhost:8081
[2025-03-12T06:24:43.850Z] [LOG] [dbConnection.config.js] Database Connected successfully!
[2025-03-12T06:24:43.851Z] [LOG] [index.js] Server running on http://localhost:8081
[2025-03-12T06:25:08.925Z] [LOG] [dbConnection.config.js] Database Connected successfully!
[2025-03-12T06:25:08.925Z] [LOG] [index.js] Server running on http://localhost:8081
OPTIONS /api/v1/readme/ - Incoming request
OPTIONS /api/v1/readme/ - Status: 204 - Took: 0.002 seconds
POST /api/v1/readme/ - Incoming request
POST /api/v1/readme/ - Status: 201 - Took: 0.052 seconds
OPTIONS /api/v1/readme/ - Incoming request
OPTIONS /api/v1/readme/ - Status: 204 - Took: 0.002 seconds
POST /api/v1/readme/ - Incoming request
POST /api/v1/readme/ - Status: 201 - Took: 0.006 seconds
OPTIONS /api/v1/readme/ - Incoming request
OPTIONS /api/v1/readme/ - Status: 204 - Took: 0.001 seconds
OPTIONS /api/v1/readme/ - Incoming request
OPTIONS /api/v1/readme/ - Status: 204 - Took: 0.000 seconds
POST /api/v1/readme/ - Incoming request
POST /api/v1/readme/ - Incoming request
POST /api/v1/readme/ - Status: 201 - Took: 0.010 seconds
POST /api/v1/readme/ - Status: 201 - Took: 0.017 seconds
OPTIONS /api/v1/readme/ - Incoming request
OPTIONS /api/v1/readme/ - Status: 204 - Took: 0.001 seconds
OPTIONS /api/v1/readme/ - Incoming request
OPTIONS /api/v1/readme/ - Status: 204 - Took: 0.001 seconds
POST /api/v1/readme/ - Incoming request
POST /api/v1/readme/ - Incoming request
POST /api/v1/readme/ - Status: 201 - Took: 0.007 seconds
POST /api/v1/readme/ - Status: 201 - Took: 0.014 seconds
OPTIONS /api/v1/readme/ - Incoming request
OPTIONS /api/v1/readme/ - Status: 204 - Took: 0.005 seconds
POST /api/v1/readme/ - Incoming request
POST /api/v1/readme/ - Status: 201 - Took: 0.008 seconds
[2025-03-13T07:16:36.104Z] [LOG] [dbConnection.config.js] Database Connected successfully!
[2025-03-13T07:16:36.104Z] [LOG] [index.js] Server running on http://localhost:8081
[2025-03-13T09:55:41.189Z] [LOG] [dbConnection.config.js] Database Connected successfully!
[2025-03-13T09:55:41.189Z] [LOG] [index.js] Server running on http://localhost:8081
[2025-03-17T04:22:34.776Z] [LOG] [dbConnection.config.js] Database Connected successfully!
[2025-03-17T04:22:34.777Z] [LOG] [index.js] Server running on http://localhost:8081
[2025-03-17T04:34:32.706Z] [LOG] [dbConnection.config.js] Database Connected successfully!
[2025-03-17T04:34:32.706Z] [LOG] [index.js] Server running on http://localhost:8081
OPTIONS /api/v1/readme/ - Incoming request
OPTIONS /api/v1/readme/ - Status: 204 - Took: 0.005 seconds
POST /api/v1/readme/ - Incoming request
OPTIONS /api/v1/readme/ - Incoming request
OPTIONS /api/v1/readme/ - Status: 204 - Took: 0.001 seconds
POST /api/v1/readme/ - Incoming request
POST /api/v1/readme/ - Status: 201 - Took: 0.017 seconds
POST /api/v1/readme/ - Status: 201 - Took: 0.046 seconds
[2025-03-17T04:39:16.206Z] [LOG] [dbConnection.config.js] Database Connected successfully!
[2025-03-17T04:39:16.210Z] [LOG] [index.js] Server running on http://localhost:8081
[2025-03-17T04:40:27.013Z] [LOG] [dbConnection.config.js] Database Connected successfully!
[2025-03-17T04:40:27.014Z] [LOG] [index.js] Server running on http://localhost:8081
[2025-03-17T04:40:27.279Z] [LOG] [dbConnection.config.js] Database Connected successfully!
[2025-03-17T04:40:27.280Z] [LOG] [index.js] Server running on http://localhost:8081
[2025-03-17T04:40:27.577Z] [LOG] [dbConnection.config.js] Database Connected successfully!
[2025-03-17T04:40:27.577Z] [LOG] [index.js] Server running on http://localhost:8081
OPTIONS /api/v1/readme/ - Incoming request
OPTIONS /api/v1/readme/ - Status: 204 - Took: 0.003 seconds
POST /api/v1/readme/ - Incoming request
OPTIONS /api/v1/readme/ - Status: 204 - Took: 0.000 seconds
OPTIONS /api/v1/readme/ - Incoming request
POST /api/v1/readme/ - Incoming request
POST /api/v1/readme/ - Status: 201 - Took: 0.079 seconds
POST /api/v1/readme/ - Status: 201 - Took: 0.118 seconds
POST /api/v1/readme/ - Incoming request
POST /api/v1/readme/ - Incoming request
POST /api/v1/readme/ - Status: 201 - Took: 0.008 seconds
POST /api/v1/readme/ - Status: 201 - Took: 0.015 seconds
OPTIONS /api/v1/readme/ - Incoming request
OPTIONS /api/v1/readme/ - Status: 204 - Took: 0.001 seconds
OPTIONS /api/v1/readme/ - Incoming request
OPTIONS /api/v1/readme/ - Status: 204 - Took: 0.000 seconds
POST /api/v1/readme/ - Incoming request
POST /api/v1/readme/ - Incoming request
POST /api/v1/readme/ - Status: 201 - Took: 0.005 seconds
POST /api/v1/readme/ - Status: 201 - Took: 0.026 seconds
POST /api/v1/readme/ - Incoming request
POST /api/v1/readme/ - Incoming request
POST /api/v1/readme/ - Status: 201 - Took: 0.007 seconds
POST /api/v1/readme/ - Status: 201 - Took: 0.005 seconds
POST /api/v1/readme/ - Incoming request
POST /api/v1/readme/ - Incoming request
POST /api/v1/readme/ - Status: 201 - Took: 0.008 seconds
POST /api/v1/readme/ - Status: 201 - Took: 0.007 seconds
POST /api/v1/readme/ - Incoming request
POST /api/v1/readme/ - Incoming request
POST /api/v1/readme/ - Status: 201 - Took: 0.005 seconds
POST /api/v1/readme/ - Status: 201 - Took: 0.005 seconds
POST /api/v1/readme/ - Incoming request
POST /api/v1/readme/ - Incoming request
POST /api/v1/readme/ - Status: 201 - Took: 0.004 seconds
POST /api/v1/readme/ - Status: 201 - Took: 0.002 seconds
POST /api/v1/readme/ - Incoming request
POST /api/v1/readme/ - Incoming request
POST /api/v1/readme/ - Status: 201 - Took: 0.004 seconds
POST /api/v1/readme/ - Status: 201 - Took: 0.002 seconds
POST /api/v1/readme/ - Incoming request
POST /api/v1/readme/ - Incoming request
POST /api/v1/readme/ - Status: 201 - Took: 0.004 seconds
POST /api/v1/readme/ - Status: 201 - Took: 0.003 seconds
POST /api/v1/readme/ - Incoming request
POST /api/v1/readme/ - Incoming request
POST /api/v1/readme/ - Status: 201 - Took: 0.004 seconds
POST /api/v1/readme/ - Status: 201 - Took: 0.002 seconds
POST /api/v1/readme/ - Incoming request
POST /api/v1/readme/ - Incoming request
POST /api/v1/readme/ - Status: 201 - Took: 0.003 seconds
POST /api/v1/readme/ - Status: 201 - Took: 0.002 seconds
POST /api/v1/readme/ - Incoming request
POST /api/v1/readme/ - Incoming request
POST /api/v1/readme/ - Status: 201 - Took: 0.003 seconds
POST /api/v1/readme/ - Status: 201 - Took: 0.002 seconds
POST /api/v1/readme/ - Incoming request
POST /api/v1/readme/ - Incoming request
POST /api/v1/readme/ - Status: 201 - Took: 0.004 seconds
POST /api/v1/readme/ - Status: 201 - Took: 0.003 seconds
POST /api/v1/readme/ - Incoming request
POST /api/v1/readme/ - Incoming request
POST /api/v1/readme/ - Status: 201 - Took: 0.003 seconds
POST /api/v1/readme/ - Status: 201 - Took: 0.003 seconds
POST /api/v1/readme/ - Incoming request
POST /api/v1/readme/ - Incoming request
POST /api/v1/readme/ - Status: 201 - Took: 0.014 seconds
POST /api/v1/readme/ - Status: 201 - Took: 0.014 seconds
POST /api/v1/readme/ - Incoming request
POST /api/v1/readme/ - Incoming request
POST /api/v1/readme/ - Status: 201 - Took: 0.005 seconds
POST /api/v1/readme/ - Status: 201 - Took: 0.003 seconds
POST /api/v1/readme/ - Incoming request
POST /api/v1/readme/ - Incoming request
POST /api/v1/readme/ - Status: 201 - Took: 0.002 seconds
POST /api/v1/readme/ - Status: 201 - Took: 0.002 seconds
POST /api/v1/readme/ - Incoming request
POST /api/v1/readme/ - Incoming request
POST /api/v1/readme/ - Status: 201 - Took: 0.004 seconds
POST /api/v1/readme/ - Status: 201 - Took: 0.003 seconds
POST /api/v1/readme/ - Incoming request
POST /api/v1/readme/ - Incoming request
POST /api/v1/readme/ - Status: 201 - Took: 0.004 seconds
POST /api/v1/readme/ - Status: 201 - Took: 0.003 seconds
POST /api/v1/readme/ - Incoming request
POST /api/v1/readme/ - Incoming request
POST /api/v1/readme/ - Status: 201 - Took: 0.003 seconds
POST /api/v1/readme/ - Status: 201 - Took: 0.003 seconds
POST /api/v1/readme/ - Incoming request
POST /api/v1/readme/ - Incoming request
POST /api/v1/readme/ - Status: 201 - Took: 0.004 seconds
POST /api/v1/readme/ - Status: 201 - Took: 0.002 seconds
POST /api/v1/readme/ - Incoming request
POST /api/v1/readme/ - Incoming request
POST /api/v1/readme/ - Status: 201 - Took: 0.004 seconds
POST /api/v1/readme/ - Status: 201 - Took: 0.004 seconds
POST /api/v1/readme/ - Incoming request
POST /api/v1/readme/ - Incoming request
POST /api/v1/readme/ - Status: 201 - Took: 0.002 seconds
POST /api/v1/readme/ - Status: 201 - Took: 0.002 seconds
POST /api/v1/readme/ - Incoming request
POST /api/v1/readme/ - Incoming request
POST /api/v1/readme/ - Status: 201 - Took: 0.003 seconds
POST /api/v1/readme/ - Status: 201 - Took: 0.002 seconds
POST /api/v1/readme/ - Incoming request
POST /api/v1/readme/ - Incoming request
POST /api/v1/readme/ - Status: 201 - Took: 0.004 seconds
POST /api/v1/readme/ - Status: 201 - Took: 0.002 seconds
POST /api/v1/readme/ - Incoming request
POST /api/v1/readme/ - Incoming request
POST /api/v1/readme/ - Status: 201 - Took: 0.003 seconds
POST /api/v1/readme/ - Status: 201 - Took: 0.002 seconds
POST /api/v1/readme/ - Incoming request
POST /api/v1/readme/ - Incoming request
POST /api/v1/readme/ - Status: 201 - Took: 0.003 seconds
POST /api/v1/readme/ - Status: 201 - Took: 0.002 seconds
POST /api/v1/readme/ - Incoming request
POST /api/v1/readme/ - Incoming request
POST /api/v1/readme/ - Status: 201 - Took: 0.006 seconds
POST /api/v1/readme/ - Status: 201 - Took: 0.005 seconds
POST /api/v1/readme/ - Incoming request
POST /api/v1/readme/ - Incoming request
POST /api/v1/readme/ - Status: 201 - Took: 0.003 seconds
POST /api/v1/readme/ - Status: 201 - Took: 0.003 seconds
POST /api/v1/readme/ - Incoming request
POST /api/v1/readme/ - Incoming request
POST /api/v1/readme/ - Status: 201 - Took: 0.002 seconds
POST /api/v1/readme/ - Status: 201 - Took: 0.002 seconds
POST /api/v1/readme/ - Incoming request
POST /api/v1/readme/ - Incoming request
POST /api/v1/readme/ - Status: 201 - Took: 0.003 seconds
POST /api/v1/readme/ - Status: 201 - Took: 0.002 seconds
POST /api/v1/readme/ - Incoming request
POST /api/v1/readme/ - Incoming request
POST /api/v1/readme/ - Status: 201 - Took: 0.003 seconds
POST /api/v1/readme/ - Status: 201 - Took: 0.003 seconds
POST /api/v1/readme/ - Incoming request
POST /api/v1/readme/ - Incoming request
POST /api/v1/readme/ - Status: 201 - Took: 0.004 seconds
POST /api/v1/readme/ - Status: 201 - Took: 0.002 seconds
POST /api/v1/readme/ - Incoming request
POST /api/v1/readme/ - Incoming request
POST /api/v1/readme/ - Status: 201 - Took: 0.004 seconds
POST /api/v1/readme/ - Status: 201 - Took: 0.002 seconds
POST /api/v1/readme/ - Incoming request
POST /api/v1/readme/ - Incoming request
POST /api/v1/readme/ - Status: 201 - Took: 0.006 seconds
POST /api/v1/readme/ - Status: 201 - Took: 0.022 seconds
OPTIONS /api/v1/readme/ - Incoming request
OPTIONS /api/v1/readme/ - Status: 204 - Took: 0.002 seconds
OPTIONS /api/v1/readme/ - Incoming request
OPTIONS /api/v1/readme/ - Status: 204 - Took: 0.001 seconds
POST /api/v1/readme/ - Incoming request
POST /api/v1/readme/ - Incoming request
POST /api/v1/readme/ - Status: 201 - Took: 0.004 seconds
POST /api/v1/readme/ - Status: 201 - Took: 0.002 seconds
POST /api/v1/readme/ - Incoming request
POST /api/v1/readme/ - Incoming request
POST /api/v1/readme/ - Status: 201 - Took: 0.002 seconds
POST /api/v1/readme/ - Status: 201 - Took: 0.002 seconds
POST /api/v1/readme/ - Incoming request
POST /api/v1/readme/ - Incoming request
POST /api/v1/readme/ - Status: 201 - Took: 0.003 seconds
POST /api/v1/readme/ - Status: 201 - Took: 0.002 seconds
POST /api/v1/readme/ - Incoming request
POST /api/v1/readme/ - Incoming request
POST /api/v1/readme/ - Status: 201 - Took: 0.004 seconds
POST /api/v1/readme/ - Status: 201 - Took: 0.003 seconds
POST /api/v1/readme/ - Incoming request
POST /api/v1/readme/ - Incoming request
POST /api/v1/readme/ - Status: 201 - Took: 0.003 seconds
POST /api/v1/readme/ - Status: 201 - Took: 0.002 seconds
POST /api/v1/readme/ - Incoming request
POST /api/v1/readme/ - Incoming request
POST /api/v1/readme/ - Status: 201 - Took: 0.003 seconds
POST /api/v1/readme/ - Status: 201 - Took: 0.002 seconds
POST /api/v1/readme/ - Incoming request
POST /api/v1/readme/ - Incoming request
POST /api/v1/readme/ - Status: 201 - Took: 0.003 seconds
POST /api/v1/readme/ - Status: 201 - Took: 0.002 seconds
POST /api/v1/readme/ - Incoming request
POST /api/v1/readme/ - Incoming request
POST /api/v1/readme/ - Status: 201 - Took: 0.004 seconds
POST /api/v1/readme/ - Status: 201 - Took: 0.002 seconds
POST /api/v1/readme/ - Incoming request
POST /api/v1/readme/ - Incoming request
POST /api/v1/readme/ - Status: 201 - Took: 0.003 seconds
POST /api/v1/readme/ - Status: 201 - Took: 0.002 seconds
POST /api/v1/readme/ - Incoming request
POST /api/v1/readme/ - Incoming request
POST /api/v1/readme/ - Status: 201 - Took: 0.004 seconds
POST /api/v1/readme/ - Status: 201 - Took: 0.002 seconds
POST /api/v1/readme/ - Incoming request
POST /api/v1/readme/ - Incoming request
POST /api/v1/readme/ - Status: 201 - Took: 0.003 seconds
POST /api/v1/readme/ - Status: 201 - Took: 0.003 seconds
POST /api/v1/readme/ - Incoming request
POST /api/v1/readme/ - Incoming request
POST /api/v1/readme/ - Status: 201 - Took: 0.002 seconds
POST /api/v1/readme/ - Status: 201 - Took: 0.002 seconds
POST /api/v1/readme/ - Incoming request
POST /api/v1/readme/ - Incoming request
POST /api/v1/readme/ - Status: 201 - Took: 0.003 seconds
POST /api/v1/readme/ - Status: 201 - Took: 0.001 seconds
POST /api/v1/readme/ - Incoming request
POST /api/v1/readme/ - Incoming request
POST /api/v1/readme/ - Status: 201 - Took: 0.003 seconds
POST /api/v1/readme/ - Status: 201 - Took: 0.002 seconds
POST /api/v1/readme/ - Incoming request
POST /api/v1/readme/ - Incoming request
POST /api/v1/readme/ - Status: 201 - Took: 0.004 seconds
POST /api/v1/readme/ - Status: 201 - Took: 0.003 seconds
POST /api/v1/readme/ - Incoming request
POST /api/v1/readme/ - Incoming request
POST /api/v1/readme/ - Status: 201 - Took: 0.004 seconds
POST /api/v1/readme/ - Status: 201 - Took: 0.004 seconds
POST /api/v1/readme/ - Incoming request
POST /api/v1/readme/ - Incoming request
POST /api/v1/readme/ - Status: 201 - Took: 0.004 seconds
POST /api/v1/readme/ - Status: 201 - Took: 0.003 seconds
POST /api/v1/readme/ - Incoming request
POST /api/v1/readme/ - Incoming request
POST /api/v1/readme/ - Status: 201 - Took: 0.003 seconds
POST /api/v1/readme/ - Status: 201 - Took: 0.002 seconds
POST /api/v1/readme/ - Incoming request
POST /api/v1/readme/ - Incoming request
POST /api/v1/readme/ - Status: 201 - Took: 0.004 seconds
POST /api/v1/readme/ - Status: 201 - Took: 0.002 seconds
POST /api/v1/readme/ - Incoming request
POST /api/v1/readme/ - Incoming request
POST /api/v1/readme/ - Status: 201 - Took: 0.003 seconds
POST /api/v1/readme/ - Status: 201 - Took: 0.003 seconds
POST /api/v1/readme/ - Incoming request
POST /api/v1/readme/ - Incoming request
POST /api/v1/readme/ - Status: 201 - Took: 0.002 seconds
POST /api/v1/readme/ - Status: 201 - Took: 0.002 seconds
POST /api/v1/readme/ - Incoming request
POST /api/v1/readme/ - Incoming request
POST /api/v1/readme/ - Status: 201 - Took: 0.003 seconds
POST /api/v1/readme/ - Status: 201 - Took: 0.004 seconds
POST /api/v1/readme/ - Incoming request
POST /api/v1/readme/ - Incoming request
POST /api/v1/readme/ - Status: 201 - Took: 0.005 seconds
POST /api/v1/readme/ - Status: 201 - Took: 0.004 seconds
POST /api/v1/readme/ - Incoming request
POST /api/v1/readme/ - Incoming request
POST /api/v1/readme/ - Status: 201 - Took: 0.004 seconds
POST /api/v1/readme/ - Status: 201 - Took: 0.003 seconds
POST /api/v1/readme/ - Incoming request
POST /api/v1/readme/ - Incoming request
POST /api/v1/readme/ - Status: 201 - Took: 0.003 seconds
POST /api/v1/readme/ - Status: 201 - Took: 0.002 seconds
POST /api/v1/readme/ - Incoming request
POST /api/v1/readme/ - Incoming request
POST /api/v1/readme/ - Status: 201 - Took: 0.005 seconds
POST /api/v1/readme/ - Incoming request
POST /api/v1/readme/ - Incoming request
POST /api/v1/readme/ - Status: 201 - Took: 0.009 seconds
POST /api/v1/readme/ - Status: 201 - Took: 0.007 seconds
POST /api/v1/readme/ - Incoming request
POST /api/v1/readme/ - Status: 201 - Took: 0.004 seconds
POST /api/v1/readme/ - Status: 201 - Took: 0.009 seconds
POST /api/v1/readme/ - Incoming request
POST /api/v1/readme/ - Status: 201 - Took: 0.002 seconds
POST /api/v1/readme/ - Incoming request
POST /api/v1/readme/ - Incoming request
POST /api/v1/readme/ - Status: 201 - Took: 0.003 seconds
POST /api/v1/readme/ - Status: 201 - Took: 0.002 seconds
POST /api/v1/readme/ - Incoming request
POST /api/v1/readme/ - Incoming request
POST /api/v1/readme/ - Status: 201 - Took: 0.003 seconds
POST /api/v1/readme/ - Status: 201 - Took: 0.003 seconds
POST /api/v1/readme/ - Incoming request
POST /api/v1/readme/ - Incoming request
POST /api/v1/readme/ - Status: 201 - Took: 0.006 seconds
POST /api/v1/readme/ - Status: 201 - Took: 0.011 seconds
POST /api/v1/readme/ - Incoming request
POST /api/v1/readme/ - Incoming request
POST /api/v1/readme/ - Status: 201 - Took: 0.004 seconds
POST /api/v1/readme/ - Incoming request
POST /api/v1/readme/ - Incoming request
POST /api/v1/readme/ - Status: 201 - Took: 0.004 seconds
POST /api/v1/readme/ - Status: 201 - Took: 0.012 seconds
POST /api/v1/readme/ - Status: 201 - Took: 0.011 seconds
POST /api/v1/readme/ - Incoming request
POST /api/v1/readme/ - Incoming request
POST /api/v1/readme/ - Status: 201 - Took: 0.004 seconds
POST /api/v1/readme/ - Status: 201 - Took: 0.002 seconds
POST /api/v1/readme/ - Incoming request
POST /api/v1/readme/ - Incoming request
POST /api/v1/readme/ - Status: 201 - Took: 0.004 seconds
POST /api/v1/readme/ - Status: 201 - Took: 0.002 seconds
POST /api/v1/readme/ - Incoming request
POST /api/v1/readme/ - Incoming request
POST /api/v1/readme/ - Status: 201 - Took: 0.003 seconds
POST /api/v1/readme/ - Status: 201 - Took: 0.003 seconds
POST /api/v1/readme/ - Incoming request
POST /api/v1/readme/ - Incoming request
POST /api/v1/readme/ - Status: 201 - Took: 0.003 seconds
POST /api/v1/readme/ - Status: 201 - Took: 0.002 seconds
POST /api/v1/readme/ - Incoming request
POST /api/v1/readme/ - Incoming request
POST /api/v1/readme/ - Status: 201 - Took: 0.020 seconds
POST /api/v1/readme/ - Status: 201 - Took: 0.016 seconds
POST /api/v1/readme/ - Incoming request
POST /api/v1/readme/ - Incoming request
POST /api/v1/readme/ - Status: 201 - Took: 0.003 seconds
POST /api/v1/readme/ - Status: 201 - Took: 0.001 seconds
POST /api/v1/readme/ - Incoming request
POST /api/v1/readme/ - Incoming request
POST /api/v1/readme/ - Status: 201 - Took: 0.003 seconds
POST /api/v1/readme/ - Status: 201 - Took: 0.003 seconds
POST /api/v1/readme/ - Incoming request
POST /api/v1/readme/ - Incoming request
POST /api/v1/readme/ - Status: 201 - Took: 0.003 seconds
POST /api/v1/readme/ - Status: 201 - Took: 0.002 seconds
POST /api/v1/readme/ - Incoming request
POST /api/v1/readme/ - Incoming request
POST /api/v1/readme/ - Status: 201 - Took: 0.002 seconds
POST /api/v1/readme/ - Status: 201 - Took: 0.002 seconds
POST /api/v1/readme/ - Incoming request
POST /api/v1/readme/ - Incoming request
POST /api/v1/readme/ - Status: 201 - Took: 0.002 seconds
POST /api/v1/readme/ - Status: 201 - Took: 0.002 seconds
POST /api/v1/readme/ - Incoming request
POST /api/v1/readme/ - Incoming request
POST /api/v1/readme/ - Status: 201 - Took: 0.003 seconds
POST /api/v1/readme/ - Status: 201 - Took: 0.001 seconds
POST /api/v1/readme/ - Incoming request
POST /api/v1/readme/ - Incoming request
POST /api/v1/readme/ - Status: 201 - Took: 0.005 seconds
POST /api/v1/readme/ - Status: 201 - Took: 0.004 seconds
POST /api/v1/readme/ - Incoming request
POST /api/v1/readme/ - Incoming request
POST /api/v1/readme/ - Status: 201 - Took: 0.004 seconds
POST /api/v1/readme/ - Status: 201 - Took: 0.009 seconds
POST /api/v1/readme/ - Incoming request
POST /api/v1/readme/ - Incoming request
POST /api/v1/readme/ - Status: 201 - Took: 0.004 seconds
POST /api/v1/readme/ - Status: 201 - Took: 0.003 seconds
POST /api/v1/readme/ - Incoming request
POST /api/v1/readme/ - Incoming request
POST /api/v1/readme/ - Status: 201 - Took: 0.004 seconds
POST /api/v1/readme/ - Status: 201 - Took: 0.002 seconds
POST /api/v1/readme/ - Incoming request
POST /api/v1/readme/ - Incoming request
POST /api/v1/readme/ - Status: 201 - Took: 0.003 seconds
POST /api/v1/readme/ - Status: 201 - Took: 0.003 seconds
POST /api/v1/readme/ - Incoming request
POST /api/v1/readme/ - Incoming request
POST /api/v1/readme/ - Status: 201 - Took: 0.002 seconds
POST /api/v1/readme/ - Status: 201 - Took: 0.001 seconds
POST /api/v1/readme/ - Incoming request
POST /api/v1/readme/ - Incoming request
POST /api/v1/readme/ - Status: 201 - Took: 0.003 seconds
POST /api/v1/readme/ - Status: 201 - Took: 0.002 seconds
POST /api/v1/readme/ - Incoming request
POST /api/v1/readme/ - Incoming request
POST /api/v1/readme/ - Status: 201 - Took: 0.003 seconds
POST /api/v1/readme/ - Status: 201 - Took: 0.001 seconds
POST /api/v1/readme/ - Incoming request
POST /api/v1/readme/ - Incoming request
POST /api/v1/readme/ - Status: 201 - Took: 0.003 seconds
POST /api/v1/readme/ - Status: 201 - Took: 0.003 seconds
POST /api/v1/readme/ - Incoming request
POST /api/v1/readme/ - Incoming request
POST /api/v1/readme/ - Status: 201 - Took: 0.004 seconds
POST /api/v1/readme/ - Status: 201 - Took: 0.003 seconds
OPTIONS /api/v1/readme/ - Incoming request
OPTIONS /api/v1/readme/ - Status: 204 - Took: 0.001 seconds
OPTIONS /api/v1/readme/ - Incoming request
OPTIONS /api/v1/readme/ - Status: 204 - Took: 0.001 seconds
POST /api/v1/readme/ - Incoming request
POST /api/v1/readme/ - Incoming request
POST /api/v1/readme/ - Status: 201 - Took: 0.005 seconds
POST /api/v1/readme/ - Status: 201 - Took: 0.003 seconds
OPTIONS /api/v1/readme/ - Incoming request
OPTIONS /api/v1/readme/ - Status: 204 - Took: 0.003 seconds
OPTIONS /api/v1/readme/ - Incoming request
OPTIONS /api/v1/readme/ - Status: 204 - Took: 0.001 seconds
POST /api/v1/readme/ - Incoming request
POST /api/v1/readme/ - Incoming request
POST /api/v1/readme/ - Status: 201 - Took: 0.052 seconds
POST /api/v1/readme/ - Status: 201 - Took: 0.003 seconds
OPTIONS /api/v1/readme/ - Incoming request
OPTIONS /api/v1/readme/ - Status: 204 - Took: 0.005 seconds
POST /api/v1/readme/ - Incoming request
OPTIONS /api/v1/readme/ - Incoming request
OPTIONS /api/v1/readme/ - Status: 204 - Took: 0.001 seconds
POST /api/v1/readme/ - Incoming request
OPTIONS /api/v1/readme/ - Incoming request
OPTIONS /api/v1/readme/ - Status: 204 - Took: 0.001 seconds
OPTIONS /api/v1/readme/ - Incoming request
OPTIONS /api/v1/readme/ - Status: 204 - Took: 0.000 seconds
POST /api/v1/readme/ - Incoming request
POST /api/v1/readme/ - Status: 201 - Took: 0.012 seconds
POST /api/v1/readme/ - Incoming request
POST /api/v1/readme/ - Status: 201 - Took: 0.023 seconds
POST /api/v1/readme/ - Status: 201 - Took: 0.002 seconds
POST /api/v1/readme/ - Status: 201 - Took: 0.010 seconds
OPTIONS /api/v1/readme/ - Incoming request
OPTIONS /api/v1/readme/ - Status: 204 - Took: 0.001 seconds
OPTIONS /api/v1/readme/ - Incoming request
OPTIONS /api/v1/readme/ - Status: 204 - Took: 0.001 seconds
POST /api/v1/readme/ - Incoming request
POST /api/v1/readme/ - Incoming request
POST /api/v1/readme/ - Status: 201 - Took: 0.010 seconds
POST /api/v1/readme/ - Status: 201 - Took: 0.015 seconds
POST /api/v1/readme/ - Incoming request
POST /api/v1/readme/ - Incoming request
POST /api/v1/readme/ - Status: 201 - Took: 0.008 seconds
POST /api/v1/readme/ - Status: 201 - Took: 0.006 seconds
OPTIONS /api/v1/readme/ - Incoming request
OPTIONS /api/v1/readme/ - Status: 204 - Took: 0.001 seconds
OPTIONS /api/v1/readme/ - Incoming request
OPTIONS /api/v1/readme/ - Status: 204 - Took: 0.001 seconds
POST /api/v1/readme/ - Incoming request
POST /api/v1/readme/ - Incoming request
POST /api/v1/readme/ - Status: 201 - Took: 0.003 seconds
POST /api/v1/readme/ - Status: 201 - Took: 0.003 seconds
POST /api/v1/readme/ - Incoming request
GET /api/v1/readme/ - Incoming request
POST /api/v1/readme/ - Incoming request
POST /api/v1/readme/ - Status: 201 - Took: 0.010 seconds
POST /api/v1/readme/ - Status: 201 - Took: 0.004 seconds
POST /api/v1/readme/ - Incoming request
POST /api/v1/readme/ - Incoming request
POST /api/v1/readme/ - Status: 201 - Took: 0.003 seconds
GET /api/v1/readme/ - Status: 200 - Took: 0.018 seconds
POST /api/v1/readme/ - Status: 201 - Took: 0.013 seconds
GET /api/v1/readme/ - Incoming request
GET /api/v1/readme/ - Status: 304 - Took: 0.014 seconds
GET /api/v1/readme/ - Incoming request
GET /api/v1/readme/ - Status: 304 - Took: 0.011 seconds
GET /api/v1/readme/ - Incoming request
GET /api/v1/readme/ - Status: 304 - Took: 0.002 seconds
OPTIONS /api/v1/readme/ - Incoming request
OPTIONS /api/v1/readme/ - Status: 204 - Took: 0.001 seconds
OPTIONS /api/v1/readme/ - Incoming request
OPTIONS /api/v1/readme/ - Status: 204 - Took: 0.000 seconds
POST /api/v1/readme/ - Incoming request
POST /api/v1/readme/ - Incoming request
POST /api/v1/readme/ - Status: 201 - Took: 0.009 seconds
POST /api/v1/readme/ - Status: 201 - Took: 0.003 seconds
POST /api/v1/readme/ - Incoming request
GET /api/v1/readme/ - Incoming request
POST /api/v1/readme/ - Incoming request
POST /api/v1/readme/ - Status: 201 - Took: 0.005 seconds
GET /api/v1/readme/ - Status: 200 - Took: 0.008 seconds
POST /api/v1/readme/ - Incoming request
POST /api/v1/readme/ - Status: 201 - Took: 0.010 seconds
POST /api/v1/readme/ - Incoming request
GET /api/v1/readme/ - Incoming request
GET /api/v1/readme/ - Status: 304 - Took: 0.003 seconds
POST /api/v1/readme/ - Status: 201 - Took: 0.007 seconds
POST /api/v1/readme/ - Status: 201 - Took: 0.004 seconds
GET /api/v1/readme/ - Incoming request
GET /api/v1/readme/ - Status: 304 - Took: 0.002 seconds
GET /api/v1/readme/ - Incoming request
GET /api/v1/readme/ - Status: 304 - Took: 0.002 seconds
OPTIONS /api/v1/readme/ - Incoming request
POST /api/v1/readme/ - Incoming request
OPTIONS /api/v1/readme/ - Status: 204 - Took: 0.002 seconds
OPTIONS /api/v1/readme/ - Incoming request
OPTIONS /api/v1/readme/ - Status: 204 - Took: 0.001 seconds
POST /api/v1/readme/ - Status: 201 - Took: 0.008 seconds
POST /api/v1/readme/ - Incoming request
POST /api/v1/readme/ - Status: 201 - Took: 0.002 seconds
POST /api/v1/readme/ - Incoming request
GET /api/v1/readme/ - Incoming request
POST /api/v1/readme/ - Status: 201 - Took: 0.007 seconds
POST /api/v1/readme/ - Incoming request
GET /api/v1/readme/ - Status: 200 - Took: 0.006 seconds
POST /api/v1/readme/ - Incoming request
POST /api/v1/readme/ - Status: 201 - Took: 0.006 seconds
GET /api/v1/readme/ - Incoming request
POST /api/v1/readme/ - Incoming request
GET /api/v1/readme/ - Status: 304 - Took: 0.007 seconds
POST /api/v1/readme/ - Status: 201 - Took: 0.010 seconds
GET /api/v1/readme/ - Incoming request
POST /api/v1/readme/ - Status: 201 - Took: 0.009 seconds
GET /api/v1/readme/ - Status: 304 - Took: 0.001 seconds
GET /api/v1/readme/ - Incoming request
GET /api/v1/readme/ - Status: 304 - Took: 0.001 seconds
OPTIONS /api/v1/readme/ - Incoming request
OPTIONS /api/v1/readme/ - Status: 204 - Took: 0.001 seconds
OPTIONS /api/v1/readme/ - Incoming request
OPTIONS /api/v1/readme/ - Status: 204 - Took: 0.000 seconds
POST /api/v1/readme/ - Incoming request
POST /api/v1/readme/ - Incoming request
POST /api/v1/readme/ - Status: 201 - Took: 0.005 seconds
POST /api/v1/readme/ - Status: 201 - Took: 0.003 seconds
POST /api/v1/readme/ - Incoming request
POST /api/v1/readme/ - Incoming request
GET /api/v1/readme/ - Incoming request
POST /api/v1/readme/ - Incoming request
POST /api/v1/readme/ - Incoming request
POST /api/v1/readme/ - Status: 201 - Took: 0.011 seconds
POST /api/v1/readme/ - Status: 201 - Took: 0.009 seconds
GET /api/v1/readme/ - Status: 200 - Took: 0.008 seconds
GET /api/v1/readme/ - Incoming request
GET /api/v1/readme/ - Status: 304 - Took: 0.020 seconds
GET /api/v1/readme/ - Incoming request
GET /api/v1/readme/ - Status: 304 - Took: 0.003 seconds
POST /api/v1/readme/ - Status: 201 - Took: 0.035 seconds
POST /api/v1/readme/ - Status: 201 - Took: 0.037 seconds
GET /api/v1/readme/ - Incoming request
GET /api/v1/readme/ - Status: 304 - Took: 0.001 seconds
OPTIONS /api/v1/readme/ - Incoming request
OPTIONS /api/v1/readme/ - Status: 204 - Took: 0.005 seconds
POST /api/v1/readme/ - Incoming request
OPTIONS /api/v1/readme/ - Status: 204 - Took: 0.001 seconds
OPTIONS /api/v1/readme/ - Incoming request
POST /api/v1/readme/ - Incoming request
POST /api/v1/readme/ - Status: 201 - Took: 0.010 seconds
POST /api/v1/readme/ - Status: 201 - Took: 0.002 seconds
OPTIONS /api/v1/readme/ - Incoming request
OPTIONS /api/v1/readme/ - Status: 204 - Took: 0.002 seconds
OPTIONS /api/v1/readme/ - Status: 204 - Took: 0.000 seconds
OPTIONS /api/v1/readme/ - Incoming request
OPTIONS /api/v1/readme/ - Incoming request
OPTIONS /api/v1/readme/ - Status: 204 - Took: 0.000 seconds
OPTIONS /api/v1/readme/ - Incoming request
OPTIONS /api/v1/readme/ - Status: 204 - Took: 0.000 seconds
OPTIONS /api/v1/readme/ - Incoming request
OPTIONS /api/v1/readme/ - Status: 204 - Took: 0.000 seconds
OPTIONS /api/v1/readme/ - Incoming request
OPTIONS /api/v1/readme/ - Status: 204 - Took: 0.000 seconds
OPTIONS /api/v1/readme/ - Incoming request
OPTIONS /api/v1/readme/ - Status: 204 - Took: 0.001 seconds
OPTIONS /api/v1/readme/ - Incoming request
OPTIONS /api/v1/readme/ - Status: 204 - Took: 0.000 seconds
POST /api/v1/readme/ - Incoming request
POST /api/v1/readme/ - Incoming request
POST /api/v1/readme/ - Incoming request
GET /api/v1/readme/ - Incoming request
GET /api/v1/readme/ - Incoming request
POST /api/v1/readme/ - Incoming request
POST /api/v1/readme/ - Status: 201 - Took: 0.012 seconds
POST /api/v1/readme/ - Status: 201 - Took: 0.010 seconds
POST /api/v1/readme/ - Status: 201 - Took: 0.009 seconds
GET /api/v1/readme/ - Status: 200 - Took: 0.007 seconds
GET /api/v1/readme/ - Status: 200 - Took: 0.005 seconds
GET /api/v1/readme/ - Incoming request
GET /api/v1/readme/ - Incoming request
GET /api/v1/readme/ - Status: 200 - Took: 0.006 seconds
GET /api/v1/readme/ - Status: 200 - Took: 0.014 seconds
POST /api/v1/readme/ - Status: 201 - Took: 0.028 seconds
OPTIONS /api/v1/readme/ - Incoming request
OPTIONS /api/v1/readme/ - Status: 204 - Took: 0.000 seconds
POST /api/v1/readme/ - Incoming request
OPTIONS /api/v1/readme/ - Incoming request
OPTIONS /api/v1/readme/ - Status: 204 - Took: 0.000 seconds
POST /api/v1/readme/ - Incoming request
POST /api/v1/readme/ - Status: 201 - Took: 0.027 seconds
POST /api/v1/readme/ - Status: 201 - Took: 0.023 seconds
OPTIONS /api/v1/readme/ - Incoming request
OPTIONS /api/v1/readme/ - Status: 204 - Took: 0.000 seconds
OPTIONS /api/v1/readme/ - Incoming request
OPTIONS /api/v1/readme/ - Status: 204 - Took: 0.000 seconds
POST /api/v1/readme/ - Incoming request
POST /api/v1/readme/ - Incoming request
POST /api/v1/readme/ - Status: 201 - Took: 0.007 seconds
POST /api/v1/readme/ - Status: 201 - Took: 0.013 seconds
POST /api/v1/readme/ - Incoming request
GET /api/v1/readme/ - Incoming request
POST /api/v1/readme/ - Status: 201 - Took: 0.007 seconds
POST /api/v1/readme/ - Incoming request
POST /api/v1/readme/ - Incoming request
GET /api/v1/readme/ - Status: 200 - Took: 0.007 seconds
GET /api/v1/readme/ - Incoming request
POST /api/v1/readme/ - Status: 201 - Took: 0.008 seconds
POST /api/v1/readme/ - Incoming request
POST /api/v1/readme/ - Status: 201 - Took: 0.005 seconds
GET /api/v1/readme/ - Status: 304 - Took: 0.004 seconds
POST /api/v1/readme/ - Status: 201 - Took: 0.003 seconds
GET /api/v1/readme/ - Incoming request
GET /api/v1/readme/ - Status: 304 - Took: 0.001 seconds
GET /api/v1/readme/ - Incoming request
GET /api/v1/readme/ - Status: 304 - Took: 0.002 seconds
OPTIONS /api/v1/readme/ - Incoming request
OPTIONS /api/v1/readme/ - Status: 204 - Took: 0.001 seconds
OPTIONS /api/v1/readme/ - Status: 204 - Took: 0.000 seconds
OPTIONS /api/v1/readme/ - Incoming request
OPTIONS /api/v1/readme/ - Incoming request
OPTIONS /api/v1/readme/ - Status: 204 - Took: 0.000 seconds
POST /api/v1/readme/ - Incoming request
POST /api/v1/readme/ - Incoming request
GET /api/v1/readme/ - Incoming request
POST /api/v1/readme/ - Status: 201 - Took: 0.001 seconds
POST /api/v1/readme/ - Status: 201 - Took: 0.003 seconds
GET /api/v1/readme/ - Status: 200 - Took: 0.002 seconds
GET /api/v1/readme/ - Incoming request
GET /api/v1/readme/ - Status: 304 - Took: 0.002 seconds
POST /api/v1/readme/ - Incoming request
POST /api/v1/readme/ - Incoming request
POST /api/v1/readme/ - Status: 201 - Took: 0.011 seconds
POST /api/v1/readme/ - Status: 201 - Took: 0.007 seconds
POST /api/v1/readme/ - Incoming request
POST /api/v1/readme/ - Incoming request
POST /api/v1/readme/ - Status: 201 - Took: 0.004 seconds
POST /api/v1/readme/ - Status: 201 - Took: 0.003 seconds
OPTIONS /api/v1/readme/ - Incoming request
OPTIONS /api/v1/readme/ - Status: 204 - Took: 0.000 seconds
OPTIONS /api/v1/readme/ - Status: 204 - Took: 0.000 seconds
OPTIONS /api/v1/readme/ - Incoming request
POST /api/v1/readme/ - Incoming request
POST /api/v1/readme/ - Incoming request
POST /api/v1/readme/ - Status: 201 - Took: 0.001 seconds
POST /api/v1/readme/ - Status: 201 - Took: 0.002 seconds
OPTIONS /api/v1/readme/ - Incoming request
OPTIONS /api/v1/readme/ - Status: 204 - Took: 0.000 seconds
OPTIONS /api/v1/readme/ - Incoming request
OPTIONS /api/v1/readme/ - Status: 204 - Took: 0.001 seconds
POST /api/v1/readme/ - Incoming request
POST /api/v1/readme/ - Incoming request
POST /api/v1/readme/ - Status: 201 - Took: 0.001 seconds
POST /api/v1/readme/ - Status: 201 - Took: 0.014 seconds
OPTIONS /api/v1/readme/ - Incoming request
OPTIONS /api/v1/readme/ - Status: 204 - Took: 0.001 seconds
OPTIONS /api/v1/readme/ - Incoming request
OPTIONS /api/v1/readme/ - Status: 204 - Took: 0.000 seconds
GET /api/v1/readme/ - Incoming request
GET /api/v1/readme/ - Incoming request
GET /api/v1/readme/ - Status: 200 - Took: 0.008 seconds
GET /api/v1/readme/ - Status: 200 - Took: 0.016 seconds
OPTIONS /api/v1/readme/ - Incoming request
POST /api/v1/readme/ - Incoming request
OPTIONS /api/v1/readme/ - Status: 204 - Took: 0.006 seconds
OPTIONS /api/v1/readme/ - Incoming request
OPTIONS /api/v1/readme/ - Status: 204 - Took: 0.000 seconds
OPTIONS /api/v1/readme/ - Incoming request
OPTIONS /api/v1/readme/ - Status: 204 - Took: 0.001 seconds
POST /api/v1/readme/ - Incoming request
OPTIONS /api/v1/readme/ - Incoming request
OPTIONS /api/v1/readme/ - Status: 204 - Took: 0.000 seconds
POST /api/v1/readme/ - Incoming request
POST /api/v1/readme/ - Status: 201 - Took: 0.016 seconds
POST /api/v1/readme/ - Incoming request
POST /api/v1/readme/ - Status: 201 - Took: 0.005 seconds
POST /api/v1/readme/ - Status: 201 - Took: 0.004 seconds
POST /api/v1/readme/ - Status: 201 - Took: 0.003 seconds
POST /api/v1/readme/ - Incoming request
POST /api/v1/readme/ - Incoming request
POST /api/v1/readme/ - Status: 201 - Took: 0.004 seconds
POST /api/v1/readme/ - Status: 201 - Took: 0.008 seconds
OPTIONS /api/v1/readme/ - Incoming request
OPTIONS /api/v1/readme/ - Status: 204 - Took: 0.001 seconds
OPTIONS /api/v1/readme/ - Incoming request
OPTIONS /api/v1/readme/ - Status: 204 - Took: 0.000 seconds
POST /api/v1/readme/ - Incoming request
POST /api/v1/readme/ - Incoming request
POST /api/v1/readme/ - Status: 201 - Took: 0.006 seconds
POST /api/v1/readme/ - Status: 201 - Took: 0.005 seconds
OPTIONS /api/v1/readme/ - Incoming request
OPTIONS /api/v1/readme/ - Status: 204 - Took: 0.001 seconds
OPTIONS /api/v1/readme/ - Incoming request
OPTIONS /api/v1/readme/ - Status: 204 - Took: 0.001 seconds
GET /api/v1/readme/ - Incoming request
GET /api/v1/readme/ - Incoming request
GET /api/v1/readme/ - Status: 200 - Took: 0.002 seconds
GET /api/v1/readme/ - Status: 200 - Took: 0.002 seconds
POST /api/v1/readme/ - Incoming request
POST /api/v1/readme/ - Incoming request
POST /api/v1/readme/ - Status: 201 - Took: 0.004 seconds
POST /api/v1/readme/ - Status: 201 - Took: 0.002 seconds
POST /api/v1/readme/ - Incoming request
POST /api/v1/readme/ - Incoming request
POST /api/v1/readme/ - Status: 201 - Took: 0.008 seconds
POST /api/v1/readme/ - Status: 201 - Took: 0.003 seconds
POST /api/v1/readme/ - Incoming request
POST /api/v1/readme/ - Incoming request
POST /api/v1/readme/ - Status: 201 - Took: 0.004 seconds
POST /api/v1/readme/ - Status: 201 - Took: 0.004 seconds
OPTIONS /api/v1/readme/ - Incoming request
OPTIONS /api/v1/readme/ - Status: 204 - Took: 0.001 seconds
OPTIONS /api/v1/readme/ - Incoming request
OPTIONS /api/v1/readme/ - Status: 204 - Took: 0.000 seconds
POST /api/v1/readme/ - Incoming request
POST /api/v1/readme/ - Incoming request
POST /api/v1/readme/ - Status: 201 - Took: 0.003 seconds
POST /api/v1/readme/ - Status: 201 - Took: 0.003 seconds
POST /api/v1/readme/ - Incoming request
POST /api/v1/readme/ - Incoming request
POST /api/v1/readme/ - Status: 201 - Took: 0.004 seconds
POST /api/v1/readme/ - Status: 201 - Took: 0.002 seconds
POST /api/v1/readme/ - Incoming request
POST /api/v1/readme/ - Incoming request
POST /api/v1/readme/ - Status: 201 - Took: 0.009 seconds
POST /api/v1/readme/ - Status: 201 - Took: 0.006 seconds
OPTIONS /api/v1/readme/ - Incoming request
OPTIONS /api/v1/readme/ - Status: 204 - Took: 0.001 seconds
OPTIONS /api/v1/readme/ - Incoming request
OPTIONS /api/v1/readme/ - Status: 204 - Took: 0.000 seconds
POST /api/v1/readme/ - Incoming request
POST /api/v1/readme/ - Incoming request
POST /api/v1/readme/ - Status: 201 - Took: 0.005 seconds
POST /api/v1/readme/ - Status: 201 - Took: 0.002 seconds
POST /api/v1/readme/ - Incoming request
POST /api/v1/readme/ - Incoming request
POST /api/v1/readme/ - Status: 201 - Took: 0.002 seconds
POST /api/v1/readme/ - Status: 201 - Took: 0.002 seconds
POST /api/v1/readme/ - Incoming request
POST /api/v1/readme/ - Incoming request
POST /api/v1/readme/ - Status: 201 - Took: 0.004 seconds
POST /api/v1/readme/ - Status: 201 - Took: 0.002 seconds
POST /api/v1/readme/ - Incoming request
POST /api/v1/readme/ - Incoming request
POST /api/v1/readme/ - Status: 201 - Took: 0.006 seconds
POST /api/v1/readme/ - Status: 201 - Took: 0.005 seconds
POST /api/v1/readme/ - Incoming request
POST /api/v1/readme/ - Incoming request
POST /api/v1/readme/ - Status: 201 - Took: 0.009 seconds
POST /api/v1/readme/ - Status: 201 - Took: 0.008 seconds
POST /api/v1/readme/ - Incoming request
POST /api/v1/readme/ - Incoming request
POST /api/v1/readme/ - Status: 201 - Took: 0.007 seconds
POST /api/v1/readme/ - Status: 201 - Took: 0.004 seconds
OPTIONS /api/v1/readme/ - Incoming request
OPTIONS /api/v1/readme/ - Status: 204 - Took: 0.002 seconds
POST /api/v1/readme/ - Incoming request
OPTIONS /api/v1/readme/ - Incoming request
OPTIONS /api/v1/readme/ - Status: 204 - Took: 0.001 seconds
POST /api/v1/readme/ - Status: 201 - Took: 0.004 seconds
POST /api/v1/readme/ - Incoming request
POST /api/v1/readme/ - Status: 201 - Took: 0.003 seconds
OPTIONS /api/v1/readme/ - Incoming request
OPTIONS /api/v1/readme/ - Status: 204 - Took: 0.000 seconds
OPTIONS /api/v1/readme/ - Incoming request
OPTIONS /api/v1/readme/ - Status: 204 - Took: 0.000 seconds
OPTIONS /api/v1/readme/ - Incoming request
OPTIONS /api/v1/readme/ - Status: 204 - Took: 0.000 seconds
GET /api/v1/readme/ - Incoming request
GET /api/v1/readme/ - Incoming request
OPTIONS /api/v1/readme/ - Incoming request
OPTIONS /api/v1/readme/ - Status: 204 - Took: 0.001 seconds
GET /api/v1/readme/ - Incoming request
GET /api/v1/readme/ - Incoming request
GET /api/v1/readme/ - Status: 200 - Took: 0.033 seconds
GET /api/v1/readme/ - Status: 200 - Took: 0.031 seconds
GET /api/v1/readme/ - Status: 200 - Took: 0.035 seconds
GET /api/v1/readme/ - Status: 200 - Took: 0.042 seconds
OPTIONS /api/v1/readme/ - Incoming request
OPTIONS /api/v1/readme/ - Status: 204 - Took: 0.003 seconds
POST /api/v1/readme/ - Incoming request
OPTIONS /api/v1/readme/ - Incoming request
OPTIONS /api/v1/readme/ - Status: 204 - Took: 0.001 seconds
OPTIONS /api/v1/readme/ - Status: 204 - Took: 0.001 seconds
OPTIONS /api/v1/readme/ - Incoming request
OPTIONS /api/v1/readme/ - Incoming request
OPTIONS /api/v1/readme/ - Status: 204 - Took: 0.000 seconds
POST /api/v1/readme/ - Status: 201 - Took: 0.016 seconds
POST /api/v1/readme/ - Incoming request
POST /api/v1/readme/ - Incoming request
POST /api/v1/readme/ - Status: 201 - Took: 0.003 seconds
POST /api/v1/readme/ - Incoming request
POST /api/v1/readme/ - Status: 201 - Took: 0.002 seconds
POST /api/v1/readme/ - Status: 201 - Took: 0.002 seconds
OPTIONS /api/v1/readme/ - Incoming request
OPTIONS /api/v1/readme/ - Status: 204 - Took: 0.001 seconds
OPTIONS /api/v1/readme/ - Status: 204 - Took: 0.001 seconds
OPTIONS /api/v1/readme/ - Incoming request
POST /api/v1/readme/ - Incoming request
POST /api/v1/readme/ - Incoming request
POST /api/v1/readme/ - Status: 201 - Took: 0.001 seconds
POST /api/v1/readme/ - Status: 201 - Took: 0.004 seconds
OPTIONS /api/v1/readme/ - Incoming request
OPTIONS /api/v1/readme/ - Status: 204 - Took: 0.000 seconds
OPTIONS /api/v1/readme/ - Incoming request
OPTIONS /api/v1/readme/ - Status: 204 - Took: 0.001 seconds
POST /api/v1/readme/ - Incoming request
POST /api/v1/readme/ - Incoming request
POST /api/v1/readme/ - Status: 201 - Took: 0.002 seconds
POST /api/v1/readme/ - Status: 201 - Took: 0.001 seconds
OPTIONS /api/v1/readme/ - Incoming request
OPTIONS /api/v1/readme/ - Status: 204 - Took: 0.000 seconds
OPTIONS /api/v1/readme/ - Incoming request
OPTIONS /api/v1/readme/ - Status: 204 - Took: 0.001 seconds
OPTIONS /api/v1/readme/ - Incoming request
OPTIONS /api/v1/readme/ - Status: 204 - Took: 0.000 seconds
OPTIONS /api/v1/readme/ - Incoming request
OPTIONS /api/v1/readme/ - Status: 204 - Took: 0.001 seconds
GET /api/v1/readme/ - Incoming request
GET /api/v1/readme/ - Incoming request
GET /api/v1/readme/ - Incoming request
GET /api/v1/readme/ - Incoming request
GET /api/v1/readme/ - Status: 200 - Took: 0.004 seconds
GET /api/v1/readme/ - Status: 200 - Took: 0.003 seconds
GET /api/v1/readme/ - Status: 200 - Took: 0.003 seconds
GET /api/v1/readme/ - Status: 200 - Took: 0.003 seconds
OPTIONS /api/v1/readme/ - Incoming request
OPTIONS /api/v1/readme/ - Status: 204 - Took: 0.001 seconds
OPTIONS /api/v1/readme/ - Incoming request
OPTIONS /api/v1/readme/ - Status: 204 - Took: 0.000 seconds
POST /api/v1/readme/ - Incoming request
POST /api/v1/readme/ - Incoming request
POST /api/v1/readme/ - Status: 201 - Took: 0.005 seconds
POST /api/v1/readme/ - Status: 201 - Took: 0.004 seconds
OPTIONS /api/v1/readme/ - Incoming request
OPTIONS /api/v1/readme/ - Status: 204 - Took: 0.001 seconds
OPTIONS /api/v1/readme/ - Incoming request
OPTIONS /api/v1/readme/ - Status: 204 - Took: 0.000 seconds
GET /api/v1/readme/ - Incoming request
GET /api/v1/readme/ - Incoming request
OPTIONS /api/v1/readme/ - Incoming request
OPTIONS /api/v1/readme/ - Status: 204 - Took: 0.000 seconds
OPTIONS /api/v1/readme/ - Incoming request
OPTIONS /api/v1/readme/ - Status: 204 - Took: 0.001 seconds
GET /api/v1/readme/ - Incoming request
GET /api/v1/readme/ - Incoming request
GET /api/v1/readme/ - Status: 200 - Took: 0.022 seconds
GET /api/v1/readme/ - Status: 200 - Took: 0.024 seconds
GET /api/v1/readme/ - Status: 200 - Took: 0.023 seconds
GET /api/v1/readme/ - Status: 200 - Took: 0.024 seconds
OPTIONS /api/v1/readme/ - Incoming request
OPTIONS /api/v1/readme/ - Status: 204 - Took: 0.001 seconds
OPTIONS /api/v1/readme/ - Status: 204 - Took: 0.001 seconds
OPTIONS /api/v1/readme/ - Incoming request
POST /api/v1/readme/ - Incoming request
OPTIONS /api/v1/readme/ - Incoming request
OPTIONS /api/v1/readme/ - Status: 204 - Took: 0.000 seconds
POST /api/v1/readme/ - Incoming request
OPTIONS /api/v1/readme/ - Incoming request
OPTIONS /api/v1/readme/ - Status: 204 - Took: 0.000 seconds
POST /api/v1/readme/ - Incoming request
POST /api/v1/readme/ - Status: 201 - Took: 0.005 seconds
POST /api/v1/readme/ - Status: 201 - Took: 0.003 seconds
POST /api/v1/readme/ - Incoming request
POST /api/v1/readme/ - Status: 201 - Took: 0.003 seconds
POST /api/v1/readme/ - Status: 201 - Took: 0.002 seconds
POST /api/v1/readme/ - Incoming request
POST /api/v1/readme/ - Incoming request
POST /api/v1/readme/ - Status: 201 - Took: 0.004 seconds
POST /api/v1/readme/ - Status: 201 - Took: 0.003 seconds
OPTIONS /api/v1/readme/ - Incoming request
OPTIONS /api/v1/readme/ - Status: 204 - Took: 0.000 seconds
OPTIONS /api/v1/readme/ - Incoming request
OPTIONS /api/v1/readme/ - Status: 204 - Took: 0.000 seconds
POST /api/v1/readme/ - Incoming request
POST /api/v1/readme/ - Incoming request
POST /api/v1/readme/ - Status: 201 - Took: 0.001 seconds
POST /api/v1/readme/ - Status: 201 - Took: 0.002 seconds
OPTIONS /api/v1/readme/ - Incoming request
OPTIONS /api/v1/readme/ - Status: 204 - Took: 0.001 seconds
OPTIONS /api/v1/readme/ - Incoming request
OPTIONS /api/v1/readme/ - Status: 204 - Took: 0.000 seconds
OPTIONS /api/v1/readme/ - Incoming request
OPTIONS /api/v1/readme/ - Status: 204 - Took: 0.000 seconds
OPTIONS /api/v1/readme/ - Incoming request
OPTIONS /api/v1/readme/ - Status: 204 - Took: 0.000 seconds
GET /api/v1/readme/ - Incoming request
GET /api/v1/readme/ - Incoming request
GET /api/v1/readme/ - Incoming request
GET /api/v1/readme/ - Incoming request
GET /api/v1/readme/ - Status: 200 - Took: 0.002 seconds
GET /api/v1/readme/ - Status: 200 - Took: 0.004 seconds
GET /api/v1/readme/ - Status: 200 - Took: 0.003 seconds
GET /api/v1/readme/ - Status: 200 - Took: 0.005 seconds
OPTIONS /api/v1/readme/ - Incoming request
OPTIONS /api/v1/readme/ - Status: 204 - Took: 0.000 seconds
OPTIONS /api/v1/readme/ - Incoming request
OPTIONS /api/v1/readme/ - Status: 204 - Took: 0.000 seconds
OPTIONS /api/v1/readme/ - Incoming request
OPTIONS /api/v1/readme/ - Status: 204 - Took: 0.000 seconds
OPTIONS /api/v1/readme/ - Incoming request
OPTIONS /api/v1/readme/ - Status: 204 - Took: 0.000 seconds
POST /api/v1/readme/ - Incoming request
POST /api/v1/readme/ - Incoming request
POST /api/v1/readme/ - Incoming request
POST /api/v1/readme/ - Incoming request
POST /api/v1/readme/ - Status: 201 - Took: 0.002 seconds
POST /api/v1/readme/ - Status: 201 - Took: 0.002 seconds
POST /api/v1/readme/ - Status: 201 - Took: 0.001 seconds
POST /api/v1/readme/ - Status: 201 - Took: 0.001 seconds
OPTIONS /api/v1/readme/ - Incoming request
OPTIONS /api/v1/readme/ - Status: 204 - Took: 0.001 seconds
OPTIONS /api/v1/readme/ - Incoming request
OPTIONS /api/v1/readme/ - Status: 204 - Took: 0.001 seconds
POST /api/v1/readme/ - Incoming request
POST /api/v1/readme/ - Incoming request
POST /api/v1/readme/ - Status: 201 - Took: 0.007 seconds
POST /api/v1/readme/ - Status: 201 - Took: 0.006 seconds
OPTIONS /api/v1/readme/ - Incoming request
OPTIONS /api/v1/readme/ - Status: 204 - Took: 0.001 seconds
OPTIONS /api/v1/readme/ - Status: 204 - Took: 0.000 seconds
POST /api/v1/readme/ - Incoming request
OPTIONS /api/v1/readme/ - Incoming request
POST /api/v1/readme/ - Incoming request
POST /api/v1/readme/ - Status: 201 - Took: 0.003 seconds
POST /api/v1/readme/ - Status: 201 - Took: 0.004 seconds
OPTIONS /api/v1/readme/ - Incoming request
OPTIONS /api/v1/readme/ - Status: 204 - Took: 0.001 seconds
OPTIONS /api/v1/readme/ - Incoming request
OPTIONS /api/v1/readme/ - Status: 204 - Took: 0.001 seconds
POST /api/v1/readme/ - Incoming request
POST /api/v1/readme/ - Incoming request
POST /api/v1/readme/ - Status: 201 - Took: 0.005 seconds
POST /api/v1/readme/ - Status: 201 - Took: 0.004 seconds
OPTIONS /api/v1/readme/ - Incoming request
OPTIONS /api/v1/readme/ - Status: 204 - Took: 0.001 seconds
OPTIONS /api/v1/readme/ - Incoming request
OPTIONS /api/v1/readme/ - Status: 204 - Took: 0.000 seconds
GET /api/v1/readme/ - Incoming request
OPTIONS /api/v1/readme/ - Incoming request
OPTIONS /api/v1/readme/ - Status: 204 - Took: 0.000 seconds
OPTIONS /api/v1/readme/ - Incoming request
OPTIONS /api/v1/readme/ - Status: 204 - Took: 0.000 seconds
GET /api/v1/readme/ - Incoming request
GET /api/v1/readme/ - Status: 200 - Took: 0.002 seconds
GET /api/v1/readme/ - Incoming request
GET /api/v1/readme/ - Status: 200 - Took: 0.003 seconds
GET /api/v1/readme/ - Status: 200 - Took: 0.002 seconds
GET /api/v1/readme/ - Incoming request
OPTIONS /api/v1/readme/ - Incoming request
OPTIONS /api/v1/readme/ - Status: 204 - Took: 0.000 seconds
OPTIONS /api/v1/readme/ - Incoming request
OPTIONS /api/v1/readme/ - Status: 204 - Took: 0.001 seconds
OPTIONS /api/v1/readme/ - Incoming request
OPTIONS /api/v1/readme/ - Status: 204 - Took: 0.000 seconds
POST /api/v1/readme/ - Incoming request
OPTIONS /api/v1/readme/ - Incoming request
GET /api/v1/readme/ - Status: 200 - Took: 0.005 seconds
OPTIONS /api/v1/readme/ - Status: 204 - Took: 0.001 seconds
POST /api/v1/readme/ - Incoming request
POST /api/v1/readme/ - Incoming request
POST /api/v1/readme/ - Status: 201 - Took: 0.007 seconds
POST /api/v1/readme/ - Incoming request
POST /api/v1/readme/ - Status: 201 - Took: 0.007 seconds
POST /api/v1/readme/ - Status: 201 - Took: 0.015 seconds
POST /api/v1/readme/ - Status: 201 - Took: 0.011 seconds
POST /api/v1/readme/ - Incoming request
POST /api/v1/readme/ - Incoming request
POST /api/v1/readme/ - Status: 201 - Took: 0.004 seconds
POST /api/v1/readme/ - Status: 201 - Took: 0.002 seconds
POST /api/v1/readme/ - Incoming request
POST /api/v1/readme/ - Incoming request
POST /api/v1/readme/ - Status: 201 - Took: 0.003 seconds
POST /api/v1/readme/ - Status: 201 - Took: 0.003 seconds
POST /api/v1/readme/ - Incoming request
POST /api/v1/readme/ - Incoming request
POST /api/v1/readme/ - Status: 201 - Took: 0.003 seconds
POST /api/v1/readme/ - Status: 201 - Took: 0.002 seconds
POST /api/v1/readme/ - Incoming request
POST /api/v1/readme/ - Incoming request
POST /api/v1/readme/ - Status: 201 - Took: 0.020 seconds
POST /api/v1/readme/ - Status: 201 - Took: 0.023 seconds
POST /api/v1/readme/ - Incoming request
POST /api/v1/readme/ - Incoming request
POST /api/v1/readme/ - Status: 201 - Took: 0.003 seconds
POST /api/v1/readme/ - Status: 201 - Took: 0.002 seconds
OPTIONS /api/v1/readme/ - Incoming request
OPTIONS /api/v1/readme/ - Status: 204 - Took: 0.001 seconds
OPTIONS /api/v1/readme/ - Incoming request
OPTIONS /api/v1/readme/ - Status: 204 - Took: 0.000 seconds
POST /api/v1/readme/ - Incoming request
POST /api/v1/readme/ - Incoming request
POST /api/v1/readme/ - Status: 201 - Took: 0.004 seconds
POST /api/v1/readme/ - Status: 201 - Took: 0.005 seconds
POST /api/v1/readme/ - Incoming request
POST /api/v1/readme/ - Incoming request
POST /api/v1/readme/ - Status: 201 - Took: 0.004 seconds
POST /api/v1/readme/ - Status: 201 - Took: 0.003 seconds
POST /api/v1/readme/ - Incoming request
POST /api/v1/readme/ - Incoming request
POST /api/v1/readme/ - Status: 201 - Took: 0.004 seconds
POST /api/v1/readme/ - Status: 201 - Took: 0.005 seconds
POST /api/v1/readme/ - Incoming request
POST /api/v1/readme/ - Incoming request
POST /api/v1/readme/ - Status: 201 - Took: 0.004 seconds
POST /api/v1/readme/ - Status: 201 - Took: 0.002 seconds
OPTIONS /api/v1/readme/ - Incoming request
OPTIONS /api/v1/readme/ - Status: 204 - Took: 0.001 seconds
OPTIONS /api/v1/readme/ - Incoming request
OPTIONS /api/v1/readme/ - Status: 204 - Took: 0.000 seconds
POST /api/v1/readme/ - Incoming request
POST /api/v1/readme/ - Incoming request
POST /api/v1/readme/ - Status: 201 - Took: 0.006 seconds
POST /api/v1/readme/ - Status: 201 - Took: 0.005 seconds
OPTIONS /api/v1/readme/ - Incoming request
OPTIONS /api/v1/readme/ - Status: 204 - Took: 0.001 seconds
OPTIONS /api/v1/readme/ - Incoming request
OPTIONS /api/v1/readme/ - Status: 204 - Took: 0.000 seconds
POST /api/v1/readme/ - Incoming request
POST /api/v1/readme/ - Incoming request
POST /api/v1/readme/ - Status: 201 - Took: 0.004 seconds
POST /api/v1/readme/ - Status: 201 - Took: 0.004 seconds
OPTIONS /api/v1/readme/ - Incoming request
OPTIONS /api/v1/readme/ - Status: 204 - Took: 0.000 seconds
OPTIONS /api/v1/readme/ - Incoming request
OPTIONS /api/v1/readme/ - Status: 204 - Took: 0.000 seconds
OPTIONS /api/v1/readme/ - Incoming request
OPTIONS /api/v1/readme/ - Status: 204 - Took: 0.000 seconds
GET /api/v1/readme/ - Incoming request
OPTIONS /api/v1/readme/ - Incoming request
OPTIONS /api/v1/readme/ - Status: 204 - Took: 0.000 seconds
GET /api/v1/readme/ - Incoming request
GET /api/v1/readme/ - Status: 200 - Took: 0.001 seconds
GET /api/v1/readme/ - Status: 200 - Took: 0.002 seconds
GET /api/v1/readme/ - Incoming request
GET /api/v1/readme/ - Status: 200 - Took: 0.002 seconds
OPTIONS /api/v1/readme/ - Incoming request
OPTIONS /api/v1/readme/ - Status: 204 - Took: 0.000 seconds
OPTIONS /api/v1/readme/ - Incoming request
OPTIONS /api/v1/readme/ - Status: 204 - Took: 0.000 seconds
POST /api/v1/readme/ - Incoming request
POST /api/v1/readme/ - Incoming request
OPTIONS /api/v1/readme/ - Incoming request
OPTIONS /api/v1/readme/ - Status: 204 - Took: 0.000 seconds
GET /api/v1/readme/ - Incoming request
POST /api/v1/readme/ - Incoming request
POST /api/v1/readme/ - Status: 201 - Took: 0.005 seconds
POST /api/v1/readme/ - Status: 201 - Took: 0.002 seconds
OPTIONS /api/v1/readme/ - Status: 204 - Took: 0.000 seconds
OPTIONS /api/v1/readme/ - Incoming request
GET /api/v1/readme/ - Status: 200 - Took: 0.003 seconds
POST /api/v1/readme/ - Status: 201 - Took: 0.003 seconds
POST /api/v1/readme/ - Incoming request
POST /api/v1/readme/ - Status: 201 - Took: 0.003 seconds
POST /api/v1/readme/ - Incoming request
POST /api/v1/readme/ - Incoming request
POST /api/v1/readme/ - Status: 201 - Took: 0.007 seconds
POST /api/v1/readme/ - Status: 201 - Took: 0.006 seconds
POST /api/v1/readme/ - Incoming request
POST /api/v1/readme/ - Incoming request
POST /api/v1/readme/ - Status: 201 - Took: 0.002 seconds
POST /api/v1/readme/ - Status: 201 - Took: 0.002 seconds
OPTIONS /api/v1/readme/ - Incoming request
OPTIONS /api/v1/readme/ - Status: 204 - Took: 0.000 seconds
OPTIONS /api/v1/readme/ - Status: 204 - Took: 0.000 seconds
OPTIONS /api/v1/readme/ - Incoming request
POST /api/v1/readme/ - Incoming request
POST /api/v1/readme/ - Incoming request
POST /api/v1/readme/ - Status: 201 - Took: 0.003 seconds
POST /api/v1/readme/ - Status: 201 - Took: 0.003 seconds
OPTIONS /api/v1/readme/ - Incoming request
OPTIONS /api/v1/readme/ - Status: 204 - Took: 0.001 seconds
OPTIONS /api/v1/readme/ - Incoming request
OPTIONS /api/v1/readme/ - Status: 204 - Took: 0.000 seconds
POST /api/v1/readme/ - Incoming request
POST /api/v1/readme/ - Incoming request
POST /api/v1/readme/ - Status: 201 - Took: 0.020 seconds
POST /api/v1/readme/ - Status: 201 - Took: 0.007 seconds
OPTIONS /api/v1/readme/ - Incoming request
OPTIONS /api/v1/readme/ - Status: 204 - Took: 0.001 seconds
OPTIONS /api/v1/readme/ - Incoming request
OPTIONS /api/v1/readme/ - Status: 204 - Took: 0.001 seconds
GET /api/v1/readme/ - Incoming request
GET /api/v1/readme/ - Incoming request
GET /api/v1/readme/ - Status: 200 - Took: 0.003 seconds
OPTIONS /api/v1/readme/ - Incoming request
OPTIONS /api/v1/readme/ - Status: 204 - Took: 0.001 seconds
GET /api/v1/readme/ - Status: 200 - Took: 0.004 seconds
OPTIONS /api/v1/readme/ - Incoming request
OPTIONS /api/v1/readme/ - Status: 204 - Took: 0.001 seconds
GET /api/v1/readme/ - Incoming request
OPTIONS /api/v1/readme/ - Incoming request
OPTIONS /api/v1/readme/ - Status: 204 - Took: 0.000 seconds
OPTIONS /api/v1/readme/ - Incoming request
OPTIONS /api/v1/readme/ - Status: 204 - Took: 0.000 seconds
GET /api/v1/readme/ - Status: 200 - Took: 0.004 seconds
GET /api/v1/readme/ - Incoming request
POST /api/v1/readme/ - Incoming request
POST /api/v1/readme/ - Incoming request
OPTIONS /api/v1/readme/ - Incoming request
OPTIONS /api/v1/readme/ - Status: 204 - Took: 0.001 seconds
GET /api/v1/readme/ - Status: 200 - Took: 0.006 seconds
POST /api/v1/readme/ - Status: 201 - Took: 0.005 seconds
POST /api/v1/readme/ - Status: 201 - Took: 0.004 seconds
OPTIONS /api/v1/readme/ - Incoming request
OPTIONS /api/v1/readme/ - Status: 204 - Took: 0.000 seconds
POST /api/v1/readme/ - Incoming request
POST /api/v1/readme/ - Status: 201 - Took: 0.001 seconds
POST /api/v1/readme/ - Incoming request
POST /api/v1/readme/ - Status: 201 - Took: 0.003 seconds
OPTIONS /api/v1/readme/ - Incoming request
OPTIONS /api/v1/readme/ - Status: 204 - Took: 0.000 seconds
GET /api/v1/readme/ - Incoming request
GET /api/v1/readme/ - Status: 200 - Took: 0.003 seconds
OPTIONS /api/v1/readme/ - Incoming request
OPTIONS /api/v1/readme/ - Status: 204 - Took: 0.001 seconds
POST /api/v1/readme/ - Incoming request
POST /api/v1/readme/ - Status: 201 - Took: 0.011 seconds
POST /api/v1/readme/ - Incoming request
POST /api/v1/readme/ - Status: 201 - Took: 0.005 seconds
OPTIONS /api/v1/readme/ - Incoming request
OPTIONS /api/v1/readme/ - Status: 204 - Took: 0.002 seconds
POST /api/v1/readme/ - Incoming request
POST /api/v1/readme/ - Status: 201 - Took: 0.005 seconds
OPTIONS /api/v1/readme/ - Incoming request
OPTIONS /api/v1/readme/ - Status: 204 - Took: 0.001 seconds
OPTIONS /api/v1/readme/ - Incoming request
OPTIONS /api/v1/readme/ - Status: 204 - Took: 0.000 seconds
GET /api/v1/readme/ - Incoming request
GET /api/v1/readme/ - Incoming request
GET /api/v1/readme/ - Status: 200 - Took: 0.014 seconds
GET /api/v1/readme/ - Status: 200 - Took: 0.016 seconds
OPTIONS /api/v1/readme/ - Incoming request
OPTIONS /api/v1/readme/ - Status: 204 - Took: 0.010 seconds
OPTIONS /api/v1/readme/ - Incoming request
OPTIONS /api/v1/readme/ - Status: 204 - Took: 0.001 seconds
GET /api/v1/readme/ - Incoming request
GET /api/v1/readme/ - Status: 304 - Took: 0.005 seconds
GET /api/v1/readme/ - Incoming request
GET /api/v1/readme/ - Status: 304 - Took: 0.014 seconds
POST /api/v1/readme/ - Incoming request
POST /api/v1/readme/ - Status: 201 - Took: 0.003 seconds
OPTIONS /api/v1/readme/ - Incoming request
OPTIONS /api/v1/readme/ - Status: 204 - Took: 0.001 seconds
POST /api/v1/readme/ - Incoming request
POST /api/v1/readme/ - Status: 201 - Took: 0.004 seconds
POST /api/v1/readme/ - Incoming request
POST /api/v1/readme/ - Status: 201 - Took: 0.006 seconds
OPTIONS /api/v1/readme/ - Incoming request
OPTIONS /api/v1/readme/ - Status: 204 - Took: 0.001 seconds
POST /api/v1/readme/ - Incoming request
POST /api/v1/readme/ - Status: 201 - Took: 0.013 seconds
OPTIONS /api/v1/readme/ - Incoming request
OPTIONS /api/v1/readme/ - Status: 204 - Took: 0.001 seconds
OPTIONS /api/v1/readme/ - Incoming request
OPTIONS /api/v1/readme/ - Status: 204 - Took: 0.000 seconds
GET /api/v1/readme/ - Incoming request
GET /api/v1/readme/ - Incoming request
GET /api/v1/readme/ - Status: 200 - Took: 0.007 seconds
GET /api/v1/readme/ - Status: 200 - Took: 0.008 seconds
OPTIONS /api/v1/readme/ - Incoming request
OPTIONS /api/v1/readme/ - Status: 204 - Took: 0.002 seconds
POST /api/v1/readme/ - Incoming request
POST /api/v1/readme/ - Status: 201 - Took: 0.011 seconds
OPTIONS /api/v1/readme/ - Incoming request
OPTIONS /api/v1/readme/ - Status: 204 - Took: 0.001 seconds
OPTIONS /api/v1/readme/ - Incoming request
OPTIONS /api/v1/readme/ - Status: 204 - Took: 0.000 seconds
GET /api/v1/readme/ - Incoming request
GET /api/v1/readme/ - Incoming request
GET /api/v1/readme/ - Status: 200 - Took: 0.003 seconds
GET /api/v1/readme/ - Status: 200 - Took: 0.003 seconds
OPTIONS /api/v1/readme/ - Incoming request
OPTIONS /api/v1/readme/ - Status: 204 - Took: 0.001 seconds
OPTIONS /api/v1/readme/ - Incoming request
OPTIONS /api/v1/readme/ - Status: 204 - Took: 0.000 seconds
GET /api/v1/readme/ - Incoming request
GET /api/v1/readme/ - Incoming request
GET /api/v1/readme/ - Status: 200 - Took: 0.002 seconds
GET /api/v1/readme/ - Status: 200 - Took: 0.005 seconds
OPTIONS /api/v1/readme/ - Incoming request
OPTIONS /api/v1/readme/ - Status: 204 - Took: 0.001 seconds
OPTIONS /api/v1/readme/ - Incoming request
OPTIONS /api/v1/readme/ - Status: 204 - Took: 0.000 seconds
GET /api/v1/readme/ - Incoming request
GET /api/v1/readme/ - Status: 304 - Took: 0.004 seconds
GET /api/v1/readme/ - Incoming request
GET /api/v1/readme/ - Status: 304 - Took: 0.001 seconds
